Arguments: 
  C:\Program Files\nodejs\node.exe C:\Users\Miguel\AppData\Roaming\npm\node_modules\yarn\bin\yarn.js install

PATH: 
  C:\Windows\system32;C:\Windows;C:\Windows\System32\Wbem;C:\Windows\System32\WindowsPowerShell\v1.0\;C:\Windows\System32\OpenSSH\;C:\Program Files\Git\cmd;C:\Program Files\PuTTY\;C:\xampp\php;C:\composer;C:\Program Files\nodejs\;C:\ProgramData\chocolatey\bin;;C:\Program Files\Docker\Docker\resources\bin;C:\Users\Miguel\AppData\Local\Microsoft\WindowsApps;;C:\Users\Miguel\AppData\Local\Programs\Microsoft VS Code\bin;C:\Users\Miguel\AppData\Roaming\Composer\vendor\bin;C:\Users\Miguel\AppData\Roaming\npm

Yarn version: 
  1.22.19

Node version: 
  16.17.0

Platform: 
  win32 x64

Trace: 
  Error: https://registry.yarnpkg.com/expo: tunneling socket could not be established, cause=connect ECONNREFUSED 127.0.0.1:80
      at ClientRequest.onError (C:\Users\Miguel\AppData\Roaming\npm\node_modules\yarn\lib\cli.js:152376:17)
      at Object.onceWrapper (node:events:628:26)
      at ClientRequest.emit (node:events:513:28)
      at Socket.socketErrorListener (node:_http_client:481:9)
      at Socket.emit (node:events:513:28)
      at emitErrorNT (node:internal/streams/destroy:157:8)
      at emitErrorCloseNT (node:internal/streams/destroy:122:3)
      at processTicksAndRejections (node:internal/process/task_queues:83:21)

npm manifest: 
  {
    "name": "pokedex",
    "version": "1.0.0",
    "main": "node_modules/expo/AppEntry.js",
    "scripts": {
      "start": "expo start",
      "android": "expo start --android",
      "ios": "expo start --ios",
      "web": "expo start --web"
    },
    "dependencies": {
      "expo": "~47.0.6",
      "expo-status-bar": "~1.4.2",
      "react": "18.1.0",
      "react-native": "0.70.5"
    },
    "devDependencies": {
      "@babel/core": "^7.12.9"
    },
    "private": true
  }

yarn manifest: 
  No manifest

Lockfile: 
  No lockfile
